\BOOKMARK [0][-]{chapter*.1}{\376\377\000A\000b\000s\000t\000r\000a\000c\000t}{}% 1
\BOOKMARK [0][-]{chapter*.2}{\376\377\000A\000b\000s\000t\000r\000a\000c\000t}{}% 2
\BOOKMARK [0][-]{chapter*.3}{\376\377\000P\000r\000o\000b\000l\000e\000m\000\040\000S\000t\000a\000t\000e\000m\000e\000n\000t}{}% 3
\BOOKMARK [0][-]{chapter*.4}{\376\377\000R\000e\000s\000e\000a\000r\000c\000h\000\040\000O\000b\000j\000e\000c\000t\000i\000v\000e\000s}{}% 4
\BOOKMARK [1][-]{section.5}{\376\377\000M\000a\000i\000n\000\040\000R\000e\000s\000e\000a\000r\000c\000h\000\040\000O\000b\000j\000e\000c\000t\000i\000v\000e}{chapter*.4}% 5
\BOOKMARK [2][-]{subsection.6}{\376\377\000S\000u\000b\000\040\000R\000e\000s\000e\000a\000r\000c\000h\000\040\000O\000b\000j\000e\000c\000t\000i\000v\000e\000s}{section.5}% 6
\BOOKMARK [0][-]{chapter*.7}{\376\377\000R\000e\000s\000e\000a\000r\000c\000h\000\040\000Q\000u\000e\000s\000t\000i\000o\000n\000\050\000s\000\051}{}% 7
\BOOKMARK [1][-]{section.8}{\376\377\000M\000a\000i\000n\000\040\000R\000e\000s\000e\000a\000r\000c\000h\000\040\000Q\000u\000e\000s\000t\000i\000o\000n}{chapter*.7}% 8
\BOOKMARK [2][-]{subsection.9}{\376\377\000S\000u\000b\000\040\000R\000e\000s\000e\000a\000r\000c\000h\000\040\000Q\000u\000e\000s\000t\000i\000o\000n\000s}{section.8}% 9
\BOOKMARK [0][-]{chapter*.11}{\376\377\000S\000i\000g\000n\000i\000f\000i\000c\000a\000n\000c\000e\000/\000r\000a\000t\000i\000o\000n\000a\000l\000e}{}% 10
\BOOKMARK [0][-]{chapter*.12}{\376\377\000S\000c\000o\000p\000e\000/\000D\000e\000l\000i\000m\000i\000t\000a\000t\000i\000o\000n}{}% 11
\BOOKMARK [0][-]{chapter*.13}{\376\377\000D\000e\000l\000i\000m\000i\000t\000a\000t\000i\000o\000n}{}% 12
\BOOKMARK [0][-]{chapter*.14}{\376\377\000B\000r\000i\000e\000f\000\040\000L\000i\000m\000i\000t\000a\000t\000i\000o\000n\000s}{}% 13
\BOOKMARK [0][-]{chapter*.15}{\376\377\000K\000e\000y\000\040\000c\000o\000n\000c\000e\000p\000t\000s\000\040\000/\000\040\000D\000e\000f\000i\000n\000i\000t\000i\000o\000n\000s}{}% 14
\BOOKMARK [0][-]{chapter*.16}{\376\377\000D\000e\000c\000l\000a\000r\000a\000t\000i\000o\000n}{}% 15
\BOOKMARK [0][-]{chapter*.17}{\376\377\000D\000e\000d\000i\000c\000a\000t\000i\000o\000n}{}% 16
\BOOKMARK [0][-]{chapter*.18}{\376\377\000A\000c\000k\000n\000o\000w\000l\000e\000d\000g\000e\000m\000e\000n\000t\000s}{}% 17
\BOOKMARK [0][-]{section*.21}{\376\377\000L\000i\000s\000t\000\040\000o\000f\000\040\000A\000c\000r\000o\000n\000y\000m\000s}{}% 18
\BOOKMARK [0][-]{section*.22}{\376\377\000L\000i\000s\000t\000\040\000o\000f\000\040\000F\000i\000g\000u\000r\000e\000s}{}% 19
\BOOKMARK [0][-]{chapter.24}{\376\377\000I\000n\000t\000r\000o\000d\000u\000c\000t\000i\000o\000n}{}% 20
\BOOKMARK [1][-]{section.25}{\376\377\000S\000e\000c\000t\000i\000o\000n\000\040\000H\000e\000a\000d\000i\000n\000g}{chapter.24}% 21
\BOOKMARK [2][-]{subsection.26}{\376\377\000S\000u\000b\000s\000e\000c\000t\000i\000o\000n\000\040\000H\000e\000a\000d\000i\000n\000g}{section.25}% 22
\BOOKMARK [2][-]{subsection.27}{\376\377\000S\000o\000m\000e\000\040\000m\000a\000t\000h\000s}{section.25}% 23
\BOOKMARK [2][-]{subsection.30}{\376\377\000T\000h\000e\000o\000r\000e\000m\000s\000,\000\040\000p\000r\000o\000o\000f\000s\000,\000\040\000d\000e\000f\000i\000n\000i\000t\000i\000o\000n\000s\000\040\000a\000n\000d\000\040\000e\000x\000a\000m\000p\000l\000e\000s}{section.25}% 24
\BOOKMARK [1][-]{section.34}{\376\377\000F\000i\000g\000u\000r\000e\000s\000\040\000a\000n\000d\000\040\000t\000a\000b\000l\000e\000s}{chapter.24}% 25
\BOOKMARK [2][-]{subsection.37}{\376\377\000P\000r\000o\000g\000r\000a\000m\000\040\000c\000o\000d\000e}{section.34}% 26
\BOOKMARK [1][-]{section.51}{\376\377\000R\000e\000f\000e\000r\000e\000n\000c\000i\000n\000g}{chapter.24}% 27
\BOOKMARK [1][-]{section.57}{\376\377\000L\000i\000s\000t\000\040\000o\000f\000\040\000A\000c\000r\000o\000n\000y\000m\000s}{chapter.24}% 28
\BOOKMARK [0][-]{chapter.58}{\376\377\000L\000i\000t\000e\000r\000a\000t\000u\000r\000e\000\040\000R\000e\000v\000i\000e\000w}{}% 29
\BOOKMARK [0][-]{chapter.59}{\376\377\000R\000e\000s\000e\000a\000r\000c\000h\000\040\000M\000e\000t\000h\000o\000d\000o\000l\000o\000g\000y}{}% 30
\BOOKMARK [0][-]{chapter.60}{\376\377\000R\000e\000s\000u\000l\000t\000s}{}% 31
\BOOKMARK [0][-]{chapter.61}{\376\377\000D\000i\000s\000c\000u\000s\000s\000i\000o\000n}{}% 32
\BOOKMARK [0][-]{chapter.62}{\376\377\000C\000o\000n\000c\000l\000u\000s\000i\000o\000n}{}% 33
\BOOKMARK [0][-]{section*.63}{\376\377\000R\000e\000f\000e\000r\000e\000n\000c\000e\000s}{}% 34
\BOOKMARK [0][-]{appendix.65}{\376\377\000E\000t\000h\000i\000c\000a\000l\000\040\000C\000l\000e\000a\000r\000a\000n\000c\000e\000\040\000C\000e\000r\000t\000i\000f\000i\000c\000a\000t\000e}{}% 35
\BOOKMARK [0][-]{appendix.66}{\376\377\000A\000p\000p\000e\000n\000d\000i\000x\000\040\000C\000h\000a\000p\000t\000e\000r}{}% 36
\BOOKMARK [1][-]{section.67}{\376\377\000A\000p\000p\000e\000n\000d\000i\000x\000\040\000s\000e\000c\000t\000i\000o\000n}{appendix.66}% 37
\BOOKMARK [0][-]{appendix.68}{\376\377\000A\000n\000o\000t\000h\000e\000r\000\040\000A\000p\000p\000e\000n\000d\000i\000x\000\040\000C\000h\000a\000p\000t\000e\000r}{}% 38
